SF:lib/main.dart
DA:6,0
DA:7,0
DA:8,0
DA:12,1
DA:14,1
DA:16,1
DA:17,1
DA:19,1
DA:20,1
LF:9
LH:6
end_of_record
SF:lib/core/di/di_providers.g.dart
DA:17,1
DA:18,1
DA:28,1
DA:29,1
DA:31,1
DA:34,1
DA:36,1
DA:38,1
DA:42,0
DA:43,0
DA:45,0
DA:50,1
DA:58,1
DA:59,1
DA:69,1
DA:70,1
DA:72,1
DA:75,1
DA:77,1
DA:79,1
DA:83,0
DA:84,0
DA:86,0
DA:91,1
LF:24
LH:18
end_of_record
SF:lib/core/di/di_providers.dart
DA:9,1
DA:11,1
DA:12,1
DA:19,3
DA:22,1
DA:24,1
DA:25,1
LF:7
LH:7
end_of_record
SF:lib/core/network/dio_client.dart
DA:7,1
DA:9,0
DA:13,0
DA:15,0
DA:16,0
DA:19,1
DA:26,2
DA:31,0
DA:33,1
DA:37,0
DA:45,0
DA:51,0
DA:53,0
DA:57,1
DA:58,1
DA:59,1
DA:60,1
DA:61,2
DA:64,0
LF:19
LH:9
end_of_record
SF:lib/core/network/interceptors/logger_interceptor.dart
DA:5,1
DA:7,1
DA:13,1
DA:14,1
DA:15,3
DA:16,3
DA:17,3
DA:18,3
DA:19,3
DA:20,1
DA:21,2
DA:24,1
DA:27,0
DA:30,0
DA:31,0
DA:32,0
DA:33,0
DA:34,0
DA:35,0
DA:36,0
DA:37,0
DA:39,0
DA:42,1
DA:45,1
DA:46,1
DA:47,4
DA:48,3
DA:49,4
DA:50,4
DA:51,4
DA:52,1
DA:53,2
DA:55,1
LF:33
LH:23
end_of_record
SF:lib/core/network/exceptions/dio_client_exception.dart
DA:5,1
DA:7,1
DA:8,3
LF:3
LH:3
end_of_record
SF:lib/core/utils/extensions/string_extensions.dart
DA:3,0
DA:4,0
DA:5,0
LF:3
LH:0
end_of_record
SF:lib/features/detail/presentation/screens/pokemon_detail_screen.dart
DA:7,0
DA:9,0
DA:10,0
DA:11,0
DA:12,0
DA:13,0
DA:15,0
DA:16,0
DA:17,0
DA:21,0
DA:22,0
DA:23,0
DA:24,0
DA:25,0
DA:26,0
DA:27,0
DA:28,0
DA:29,0
DA:31,0
LF:19
LH:0
end_of_record
SF:lib/features/home/data/models/pokemon_detail_response.dart
DA:20,0
DA:21,0
LF:2
LH:0
end_of_record
SF:lib/features/home/data/models/pokemon_detail_response.g.dart
DA:9,0
DA:11,0
DA:12,0
DA:13,0
DA:14,0
DA:15,0
DA:16,0
DA:17,0
DA:18,0
DA:19,0
DA:20,0
DA:24,0
DA:26,0
DA:27,0
DA:28,0
DA:29,0
DA:30,0
DA:31,0
DA:32,0
LF:19
LH:0
end_of_record
SF:lib/features/home/data/datasources/home_datasource.g.dart
DA:18,1
DA:19,1
DA:29,1
DA:30,1
DA:32,1
DA:35,1
DA:37,1
DA:39,1
DA:43,0
DA:44,0
DA:46,0
DA:51,1
LF:12
LH:9
end_of_record
SF:lib/features/home/data/datasources/home_datasource.dart
DA:28,1
DA:32,1
DA:37,2
DA:40,0
DA:42,1
DA:44,0
DA:47,3
DA:53,0
DA:56,0
DA:57,0
DA:58,0
DA:60,0
DA:61,0
DA:63,0
DA:68,1
DA:70,1
DA:71,1
LF:17
LH:8
end_of_record
SF:lib/features/home/data/models/all_pokemons_response.dart
DA:17,0
DA:18,0
LF:2
LH:0
end_of_record
SF:lib/features/home/data/models/all_pokemons_response.g.dart
DA:9,0
DA:10,0
DA:11,0
DA:12,0
DA:13,0
DA:14,0
DA:15,0
DA:16,0
DA:19,0
DA:21,0
DA:22,0
DA:23,0
DA:24,0
DA:25,0
LF:14
LH:0
end_of_record
SF:lib/features/home/data/models/pokemon_response.dart
DA:12,0
DA:13,0
LF:2
LH:0
end_of_record
SF:lib/features/home/data/models/pokemon_response.g.dart
DA:9,0
DA:10,0
DA:12,0
DA:13,0
LF:4
LH:0
end_of_record
SF:lib/features/home/data/models/pokemon_type_response.dart
DA:14,0
DA:15,0
DA:23,0
DA:24,0
LF:4
LH:0
end_of_record
SF:lib/features/home/data/models/pokemon_type_response.g.dart
DA:9,0
DA:10,0
DA:11,0
DA:12,0
DA:15,0
DA:17,0
DA:19,0
DA:20,0
DA:22,0
DA:23,0
LF:10
LH:0
end_of_record
SF:lib/features/home/data/models/pokemon_sprites_response.dart
DA:16,0
DA:17,0
LF:2
LH:0
end_of_record
SF:lib/features/home/data/models/pokemon_sprites_response.g.dart
DA:9,0
DA:11,0
DA:12,0
DA:13,0
DA:14,0
DA:15,0
DA:18,0
DA:20,0
DA:21,0
DA:22,0
DA:23,0
DA:24,0
LF:12
LH:0
end_of_record
SF:lib/features/home/data/repositories/home_repository_impl.g.dart
DA:22,1
DA:23,1
DA:33,1
DA:34,1
DA:36,1
DA:39,1
DA:41,1
DA:43,1
DA:47,0
DA:48,0
DA:50,0
DA:55,1
LF:12
LH:9
end_of_record
SF:lib/features/home/data/repositories/home_repository_impl.dart
DA:14,1
DA:18,1
DA:23,2
DA:26,0
DA:29,0
DA:31,1
DA:32,0
DA:34,3
DA:40,0
DA:43,0
DA:44,0
DA:45,0
DA:47,0
DA:53,1
DA:55,1
DA:56,1
LF:16
LH:8
end_of_record
SF:lib/features/home/domain/usecases/get_all_pokemon_usecase.dart
DA:12,1
DA:17,1
DA:18,2
DA:23,1
DA:25,1
DA:26,1
LF:6
LH:6
end_of_record
SF:lib/features/home/domain/usecases/get_all_pokemon_usecase.g.dart
DA:27,1
DA:28,1
DA:38,1
DA:39,1
DA:41,1
DA:45,1
DA:47,1
DA:49,1
DA:53,0
DA:54,0
DA:56,0
DA:61,1
LF:12
LH:9
end_of_record
SF:lib/features/home/domain/usecases/get_pokemon_detail_usecase.g.dart
DA:27,1
DA:28,1
DA:38,0
DA:39,0
DA:41,0
DA:45,0
DA:47,0
DA:49,0
DA:53,0
DA:54,0
DA:56,0
DA:61,0
LF:12
LH:2
end_of_record
SF:lib/features/home/domain/usecases/get_pokemon_detail_usecase.dart
DA:12,0
DA:16,0
DA:17,0
DA:18,0
DA:24,0
DA:26,0
DA:27,0
LF:7
LH:0
end_of_record
SF:lib/features/home/presentation/notifiers/home_notifier.dart
DA:9,0
DA:10,0
DA:11,0
DA:13,0
DA:14,0
DA:16,0
DA:21,1
DA:23,2
DA:24,1
DA:29,2
DA:30,1
LF:11
LH:5
end_of_record
SF:lib/features/home/presentation/notifiers/pokemon_details_notifier.g.dart
DA:18,0
DA:21,0
DA:29,0
DA:30,0
DA:32,0
DA:34,0
DA:36,0
DA:39,0
DA:41,0
DA:43,0
DA:45,0
DA:46,0
DA:49,0
DA:51,0
DA:55,0
DA:67,1
DA:68,1
DA:76,0
DA:77,0
DA:79,0
DA:86,0
DA:89,0
DA:92,0
DA:94,0
DA:97,0
DA:107,0
LF:26
LH:2
end_of_record
SF:lib/features/home/presentation/notifiers/pokemon_details_notifier.dart
DA:11,0
DA:13,0
DA:14,0
LF:3
LH:0
end_of_record
SF:lib/features/home/presentation/screens/home_screen.dart
DA:9,1
DA:11,1
DA:12,1
DA:19,1
DA:20,3
DA:21,3
DA:22,1
DA:24,2
DA:27,1
DA:31,1
DA:33,3
DA:34,3
DA:35,1
DA:36,2
DA:37,1
DA:39,1
DA:43,1
DA:44,1
DA:45,1
DA:46,0
DA:47,0
DA:50,0
DA:51,0
DA:53,0
DA:54,0
DA:55,0
DA:59,1
DA:60,2
DA:61,1
DA:63,1
DA:66,1
DA:67,0
DA:68,0
DA:76,1
DA:77,0
DA:78,0
LF:36
LH:25
end_of_record
SF:lib/features/home/presentation/widgets/pokemon_list_card_widget.dart
DA:14,0
DA:16,0
DA:18,0
DA:19,0
DA:20,0
DA:21,0
DA:22,0
DA:23,0
DA:24,0
DA:25,0
DA:26,0
DA:27,0
DA:28,0
DA:29,0
DA:31,0
DA:32,0
DA:34,0
DA:35,0
DA:36,0
DA:38,0
DA:39,0
DA:40,0
DA:41,0
DA:43,0
DA:44,0
DA:46,0
DA:49,0
DA:51,0
DA:56,0
DA:60,0
DA:61,0
DA:62,0
LF:32
LH:0
end_of_record
SF:lib/features/home/presentation/widgets/favorite_button_widget.dart
DA:5,1
DA:7,0
DA:8,0
DA:14,0
DA:15,0
DA:16,0
DA:20,0
DA:22,0
DA:23,0
DA:24,0
DA:27,0
DA:28,0
DA:29,0
DA:31,0
DA:32,0
DA:33,0
DA:37,0
DA:38,0
DA:39,0
DA:43,0
DA:44,0
DA:45,0
DA:47,0
LF:23
LH:1
end_of_record
SF:lib/styles/poke_styles.dart
DA:24,0
DA:25,0
DA:26,0
DA:29,0
DA:31,0
DA:32,0
DA:35,0
DA:37,0
DA:38,0
DA:41,0
DA:63,0
DA:64,0
DA:65,0
DA:66,0
DA:68,0
DA:69,0
DA:70,0
DA:76,0
DA:77,0
DA:78,0
DA:79,0
DA:102,0
LF:22
LH:0
end_of_record
SF:lib/features/home/presentation/widgets/pokemon_card_image_widget.dart
DA:10,0
DA:12,0
DA:14,0
DA:17,0
DA:18,0
DA:19,0
DA:21,0
DA:23,0
DA:24,0
DA:28,0
DA:30,0
DA:33,0
DA:34,0
LF:13
LH:0
end_of_record
SF:lib/shared/utils/poke_type_theme.dart
DA:27,0
DA:28,0
DA:29,0
DA:30,0
DA:31,0
DA:32,0
DA:33,0
DA:34,0
DA:35,0
DA:36,0
DA:37,0
DA:38,0
DA:39,0
DA:40,0
DA:41,0
DA:42,0
DA:43,0
DA:44,0
DA:45,0
DA:49,0
DA:50,0
DA:51,0
DA:52,0
DA:53,0
DA:54,0
DA:55,0
DA:56,0
DA:57,0
DA:58,0
DA:59,0
DA:60,0
DA:61,0
DA:62,0
DA:63,0
DA:64,0
DA:65,0
DA:66,0
DA:67,0
DA:71,0
DA:72,0
DA:73,0
DA:74,0
DA:75,0
DA:76,0
DA:77,0
DA:78,0
DA:79,0
DA:80,0
DA:81,0
DA:82,0
DA:83,0
DA:84,0
DA:85,0
DA:86,0
DA:87,0
DA:88,0
DA:89,0
DA:92,0
DA:93,0
DA:95,0
DA:96,0
DA:98,0
DA:99,0
LF:63
LH:0
end_of_record
SF:lib/features/home/presentation/widgets/pokemon_card_info_widget.dart
DA:11,0
DA:13,0
DA:15,0
DA:18,0
DA:19,0
DA:20,0
DA:21,0
DA:23,0
DA:25,0
DA:28,0
DA:29,0
DA:30,0
LF:12
LH:0
end_of_record
SF:lib/features/home/presentation/widgets/pokemon_type_chip_widget.dart
DA:10,0
DA:12,0
DA:14,0
DA:15,0
DA:16,0
DA:17,0
DA:19,0
DA:20,0
DA:25,0
DA:26,0
DA:28,0
DA:29,0
DA:30,0
DA:33,0
DA:34,0
DA:35,0
LF:16
LH:0
end_of_record
SF:lib/l10n/app_localizations.dart
DA:65,1
DA:66,2
DA:70,0
DA:71,0
DA:116,1
DA:118,1
DA:120,2
DA:123,1
DA:125,3
DA:127,0
DA:131,1
DA:133,1
DA:134,1
DA:135,1
DA:136,0
DA:137,0
DA:140,0
LF:17
LH:11
end_of_record
SF:lib/l10n/app_localizations_en.dart
DA:9,2
DA:11,0
DA:14,0
LF:3
LH:1
end_of_record
SF:lib/l10n/app_localizations_es.dart
DA:9,0
DA:11,0
DA:14,0
LF:3
LH:0
end_of_record
SF:lib/routes/app_router.g.dart
DA:18,1
DA:19,1
DA:29,1
DA:30,1
DA:32,1
DA:35,1
DA:37,1
DA:39,1
DA:43,0
DA:44,0
DA:46,0
DA:51,1
LF:12
LH:9
end_of_record
SF:lib/routes/app_router.dart
DA:9,1
DA:10,1
DA:12,1
DA:13,3
DA:14,1
DA:16,0
DA:17,0
LF:7
LH:5
end_of_record
SF:lib/shared/extensions/svg_asset_extension.dart
DA:9,0
DA:10,0
LF:2
LH:0
end_of_record
SF:lib/shared/utils/poke_images.dart
DA:7,0
DA:8,0
DA:9,0
DA:10,0
DA:11,0
DA:12,0
DA:13,0
DA:14,0
DA:15,0
DA:16,0
DA:17,0
DA:18,0
DA:19,0
DA:20,0
DA:21,0
DA:22,0
DA:23,0
DA:24,0
DA:25,0
DA:26,0
DA:27,0
DA:28,0
DA:29,0
DA:30,0
DA:31,0
DA:32,0
DA:33,0
DA:34,0
DA:35,0
DA:36,0
DA:37,0
DA:38,0
DA:39,0
DA:40,0
DA:41,0
DA:42,0
DA:45,0
DA:46,0
DA:47,0
DA:48,0
DA:49,0
DA:50,0
DA:51,0
DA:52,0
DA:53,0
DA:54,0
DA:55,0
DA:57,0
DA:58,0
DA:59,0
DA:60,0
DA:62,0
DA:63,0
DA:64,0
DA:65,0
DA:66,0
DA:67,0
DA:68,0
DA:69,0
DA:70,0
DA:71,0
DA:72,0
DA:73,0
DA:74,0
DA:75,0
DA:76,0
DA:77,0
DA:79,0
DA:80,0
DA:81,0
DA:82,0
DA:83,0
LF:72
LH:0
end_of_record
