SF:lib/main.dart
DA:6,0
DA:7,0
DA:8,0
DA:12,1
DA:14,1
DA:16,1
DA:17,1
DA:18,1
DA:19,1
LF:9
LH:6
end_of_record
SF:lib/core/di/di_providers.g.dart
DA:17,1
DA:18,1
DA:28,1
DA:29,1
DA:31,1
DA:34,1
DA:36,1
DA:38,1
DA:42,0
DA:43,0
DA:45,0
DA:50,1
DA:58,1
DA:59,1
DA:69,1
DA:70,1
DA:72,1
DA:75,1
DA:77,1
DA:79,1
DA:83,0
DA:84,0
DA:86,0
DA:91,1
LF:24
LH:18
end_of_record
SF:lib/core/di/di_providers.dart
DA:9,1
DA:10,1
DA:11,1
DA:18,3
DA:20,1
DA:22,1
DA:23,1
LF:7
LH:7
end_of_record
SF:lib/core/network/dio_client.dart
DA:7,1
DA:9,0
DA:13,0
DA:15,0
DA:16,0
DA:19,1
DA:26,2
DA:31,0
DA:33,1
DA:37,0
DA:45,0
DA:51,0
DA:53,0
DA:57,1
DA:58,1
DA:59,1
DA:60,1
DA:61,2
DA:64,0
LF:19
LH:9
end_of_record
SF:lib/core/network/interceptors/logger_interceptor.dart
DA:5,1
DA:7,1
DA:13,1
DA:14,1
DA:15,3
DA:16,3
DA:17,3
DA:18,3
DA:19,3
DA:20,1
DA:21,2
DA:24,1
DA:27,0
DA:30,0
DA:31,0
DA:32,0
DA:33,0
DA:34,0
DA:35,0
DA:36,0
DA:37,0
DA:39,0
DA:42,1
DA:45,1
DA:46,1
DA:47,4
DA:48,3
DA:49,4
DA:50,4
DA:51,4
DA:52,1
DA:53,2
DA:55,1
LF:33
LH:23
end_of_record
SF:lib/core/network/exceptions/dio_client_exception.dart
DA:5,1
DA:7,1
DA:8,3
LF:3
LH:3
end_of_record
SF:lib/core/presentation/notifiers/bottom_navigation_notifier.g.dart
DA:17,1
DA:18,1
DA:28,1
DA:29,1
DA:31,1
DA:33,1
DA:36,0
DA:37,0
DA:39,0
DA:44,1
DA:49,1
DA:52,1
DA:53,1
DA:55,1
DA:62,1
LF:15
LH:12
end_of_record
SF:lib/core/presentation/notifiers/bottom_navigation_notifier.dart
DA:19,1
DA:21,3
DA:22,4
DA:23,3
DA:24,4
DA:26,4
DA:27,1
DA:30,0
DA:31,0
DA:32,0
DA:33,0
DA:34,0
DA:37,0
DA:38,0
DA:41,1
DA:42,3
DA:43,2
DA:46,3
DA:48,0
LF:19
LH:11
end_of_record
SF:lib/routes/app_router.g.dart
DA:18,1
DA:19,1
DA:29,1
DA:30,1
DA:32,1
DA:35,1
DA:37,1
DA:39,1
DA:43,0
DA:44,0
DA:46,0
DA:51,1
LF:12
LH:9
end_of_record
SF:lib/routes/app_router.dart
DA:14,1
DA:15,1
DA:17,1
DA:18,1
DA:20,1
DA:21,2
DA:23,1
DA:25,0
DA:26,0
DA:30,1
DA:32,0
DA:37,1
DA:39,0
DA:44,1
DA:46,0
LF:15
LH:10
end_of_record
SF:lib/core/utils/extensions/context_extensions.dart
DA:5,1
DA:6,1
DA:8,0
LF:3
LH:2
end_of_record
SF:lib/l10n/app_localizations.dart
DA:65,1
DA:66,2
DA:70,1
DA:71,1
DA:206,1
DA:208,1
DA:210,2
DA:213,1
DA:215,3
DA:217,0
DA:221,1
DA:223,1
DA:224,1
DA:225,1
DA:226,0
DA:227,0
DA:230,0
LF:17
LH:13
end_of_record
SF:lib/core/utils/extensions/string_extensions.dart
DA:3,0
DA:4,0
DA:5,0
LF:3
LH:0
end_of_record
SF:lib/features/detail/presentation/screens/poke_detail_screen.dart
DA:7,0
DA:9,0
DA:10,0
DA:11,0
DA:12,0
DA:13,0
DA:15,0
DA:16,0
DA:17,0
DA:21,0
DA:22,0
DA:23,0
DA:24,0
DA:25,0
DA:26,0
DA:27,0
DA:28,0
DA:29,0
DA:31,0
LF:19
LH:0
end_of_record
SF:lib/features/home/data/models/pokemon_detail_response.dart
DA:20,0
DA:21,0
LF:2
LH:0
end_of_record
SF:lib/features/home/data/models/pokemon_detail_response.g.dart
DA:9,0
DA:11,0
DA:12,0
DA:13,0
DA:14,0
DA:15,0
DA:16,0
DA:17,0
DA:18,0
DA:19,0
DA:20,0
DA:24,0
DA:26,0
DA:27,0
DA:28,0
DA:29,0
DA:30,0
DA:31,0
DA:32,0
LF:19
LH:0
end_of_record
SF:lib/features/favorites/presentation/notifiers/favorites_notifier.g.dart
DA:17,1
DA:18,1
DA:28,0
DA:29,0
DA:31,0
DA:33,0
DA:36,0
DA:40,0
DA:43,0
DA:44,0
DA:46,0
DA:53,0
LF:12
LH:2
end_of_record
SF:lib/features/favorites/presentation/notifiers/favorites_notifier.dart
DA:9,0
DA:11,0
DA:14,0
DA:15,0
DA:16,0
DA:17,0
DA:20,0
DA:25,0
DA:26,0
DA:27,0
DA:28,0
DA:32,0
DA:33,0
DA:34,0
DA:35,0
DA:39,0
DA:40,0
LF:17
LH:0
end_of_record
SF:lib/features/favorites/presentation/screens/poke_favorites_screen.dart
DA:13,1
DA:15,0
DA:17,0
DA:18,0
DA:19,0
DA:21,0
DA:22,0
DA:23,0
DA:24,0
DA:25,0
DA:27,0
DA:29,0
DA:30,0
DA:31,0
DA:32,0
DA:33,0
DA:34,0
DA:35,0
DA:38,0
DA:41,0
DA:44,0
DA:46,0
DA:47,0
DA:50,0
DA:56,0
DA:57,0
LF:26
LH:1
end_of_record
SF:lib/features/favorites/presentation/widgets/poke_no_favorite_widget.dart
DA:8,0
DA:10,0
DA:12,0
DA:13,0
DA:14,0
DA:15,0
DA:17,0
DA:19,0
DA:20,0
DA:23,0
DA:25,0
DA:26,0
DA:27,0
DA:29,0
DA:31,0
DA:32,0
DA:33,0
DA:35,0
LF:18
LH:0
end_of_record
SF:lib/features/home/presentation/widgets/poke_list_card_widget.dart
DA:15,0
DA:17,0
DA:19,0
DA:20,0
DA:21,0
DA:22,0
DA:23,0
DA:24,0
DA:25,0
DA:26,0
DA:27,0
DA:28,0
DA:29,0
DA:30,0
DA:32,0
DA:33,0
DA:35,0
DA:36,0
DA:37,0
DA:39,0
DA:40,0
DA:41,0
DA:42,0
DA:44,0
DA:45,0
DA:47,0
DA:50,0
DA:52,0
DA:57,0
DA:61,0
DA:62,0
DA:63,0
LF:32
LH:0
end_of_record
SF:lib/shared/di/shared_providers.g.dart
DA:18,1
DA:19,1
DA:29,1
DA:30,1
DA:32,1
DA:35,1
DA:37,1
DA:39,1
DA:43,0
DA:44,0
DA:46,0
DA:51,1
LF:12
LH:9
end_of_record
SF:lib/shared/di/shared_providers.dart
DA:7,1
LF:1
LH:1
end_of_record
SF:lib/shared/utils/poke_icons.dart
DA:6,1
DA:7,1
DA:9,1
DA:13,1
DA:14,1
DA:16,1
DA:20,1
DA:21,1
DA:23,1
DA:27,1
DA:28,1
DA:30,1
DA:34,0
DA:35,3
LF:14
LH:13
end_of_record
SF:lib/shared/widgets/poke_app_bar_widget.dart
DA:11,0
DA:19,0
DA:21,0
DA:24,0
DA:25,0
DA:26,0
DA:27,0
DA:29,0
DA:33,0
DA:38,0
LF:10
LH:0
end_of_record
SF:lib/styles/poke_styles.dart
DA:8,2
DA:9,2
DA:10,2
DA:11,3
DA:40,1
DA:41,2
DA:42,3
DA:45,1
DA:47,2
DA:48,3
DA:51,1
DA:53,2
DA:54,3
DA:57,1
DA:59,2
DA:60,3
DA:63,1
DA:65,2
DA:66,3
DA:69,1
DA:71,2
DA:72,3
DA:75,1
DA:77,2
DA:78,3
DA:81,1
DA:83,2
DA:84,3
DA:87,1
DA:89,2
DA:91,3
DA:92,1
DA:95,2
DA:97,3
DA:98,1
DA:101,2
DA:104,1
DA:105,3
DA:107,2
DA:108,1
DA:110,3
DA:113,2
DA:114,1
DA:116,3
DA:119,2
DA:120,3
DA:123,1
DA:125,2
DA:126,3
DA:129,1
DA:131,2
DA:133,3
DA:134,1
DA:137,2
DA:138,3
DA:141,1
DA:143,2
DA:145,3
DA:146,1
DA:149,2
DA:152,3
DA:153,1
DA:174,1
DA:175,1
DA:176,1
DA:177,1
DA:194,1
DA:195,1
DA:196,4
DA:197,1
DA:199,1
DA:200,3
DA:201,1
DA:207,1
DA:208,3
DA:209,1
DA:210,3
DA:223,1
DA:224,1
DA:225,1
DA:231,1
DA:232,1
DA:234,1
DA:235,3
DA:256,3
LF:85
LH:85
end_of_record
SF:lib/shared/utils/poke_images.dart
DA:7,0
DA:9,0
DA:10,0
DA:11,0
DA:14,0
DA:15,0
DA:16,0
DA:17,0
DA:18,0
DA:19,0
DA:20,0
DA:21,0
DA:22,0
DA:23,0
DA:24,0
DA:25,0
DA:26,0
DA:27,0
DA:28,0
DA:29,0
DA:30,0
DA:31,0
DA:32,0
DA:33,0
DA:34,0
DA:35,0
DA:36,0
DA:37,0
DA:38,0
DA:39,0
DA:40,0
DA:41,0
DA:42,0
DA:43,0
DA:44,0
DA:45,0
DA:46,0
DA:47,0
DA:48,0
DA:49,0
DA:52,0
DA:53,0
DA:54,0
DA:55,0
DA:56,0
DA:57,0
DA:58,0
DA:59,0
DA:60,0
DA:61,0
DA:62,0
DA:64,0
DA:65,0
DA:66,0
DA:67,0
DA:69,0
DA:70,0
DA:71,0
DA:72,0
DA:73,0
DA:74,0
DA:75,0
DA:76,0
DA:77,0
DA:78,0
DA:79,0
DA:80,0
DA:81,0
DA:82,0
DA:83,0
DA:84,0
DA:86,0
DA:87,0
DA:88,0
DA:89,0
DA:90,0
LF:76
LH:0
end_of_record
SF:lib/features/home/data/datasources/home_datasource.g.dart
DA:18,1
DA:19,1
DA:29,1
DA:30,1
DA:32,1
DA:35,1
DA:37,1
DA:39,1
DA:43,0
DA:44,0
DA:46,0
DA:51,1
LF:12
LH:9
end_of_record
SF:lib/features/home/data/datasources/home_datasource.dart
DA:38,1
DA:42,1
DA:47,2
DA:50,0
DA:52,1
DA:54,0
DA:57,3
DA:63,0
DA:66,0
DA:67,0
DA:68,0
DA:70,0
DA:71,0
DA:73,0
DA:79,1
DA:82,2
DA:84,0
DA:86,1
DA:87,0
DA:89,3
DA:95,0
DA:98,0
DA:99,0
DA:100,0
DA:102,0
DA:103,0
DA:105,0
DA:110,1
DA:112,1
DA:113,1
LF:30
LH:12
end_of_record
SF:lib/features/home/data/models/all_pokemons_response.dart
DA:17,0
DA:18,0
LF:2
LH:0
end_of_record
SF:lib/features/home/data/models/all_pokemons_response.g.dart
DA:9,0
DA:10,0
DA:11,0
DA:12,0
DA:13,0
DA:14,0
DA:15,0
DA:16,0
DA:19,0
DA:21,0
DA:22,0
DA:23,0
DA:24,0
DA:25,0
LF:14
LH:0
end_of_record
SF:lib/features/home/data/models/all_types_response.dart
DA:17,0
DA:18,0
LF:2
LH:0
end_of_record
SF:lib/features/home/data/models/all_types_response.g.dart
DA:9,0
DA:10,0
DA:11,0
DA:12,0
DA:13,0
DA:14,0
DA:15,0
DA:16,0
DA:19,0
DA:20,0
DA:21,0
DA:22,0
DA:23,0
DA:24,0
LF:14
LH:0
end_of_record
SF:lib/features/home/data/models/pokemons_by_type_response.dart
DA:13,0
DA:14,0
LF:2
LH:0
end_of_record
SF:lib/features/home/data/models/pokemons_by_type_response.g.dart
DA:9,0
DA:11,0
DA:12,0
DA:13,0
DA:14,0
DA:17,0
DA:19,0
LF:7
LH:0
end_of_record
SF:lib/features/home/data/models/pokemon_response.dart
DA:12,0
DA:13,0
LF:2
LH:0
end_of_record
SF:lib/features/home/data/models/pokemon_response.g.dart
DA:9,0
DA:10,0
DA:12,0
DA:13,0
LF:4
LH:0
end_of_record
SF:lib/features/home/data/models/pokemon_type_response.dart
DA:14,0
DA:15,0
DA:23,0
DA:24,0
LF:4
LH:0
end_of_record
SF:lib/features/home/data/models/pokemon_type_response.g.dart
DA:9,0
DA:10,0
DA:11,0
DA:12,0
DA:15,0
DA:17,0
DA:19,0
DA:20,0
DA:22,0
DA:23,0
LF:10
LH:0
end_of_record
SF:lib/features/home/data/models/pokemon_sprites_response.dart
DA:16,0
DA:17,0
LF:2
LH:0
end_of_record
SF:lib/features/home/data/models/pokemon_sprites_response.g.dart
DA:9,0
DA:11,0
DA:12,0
DA:13,0
DA:14,0
DA:15,0
DA:18,0
DA:20,0
DA:21,0
DA:22,0
DA:23,0
DA:24,0
LF:12
LH:0
end_of_record
SF:lib/features/home/data/models/type_response.dart
DA:13,0
DA:14,0
LF:2
LH:0
end_of_record
SF:lib/features/home/data/models/type_response.g.dart
DA:9,0
DA:10,0
DA:11,0
DA:12,0
DA:16,0
DA:17,0
LF:6
LH:0
end_of_record
SF:lib/features/home/data/repositories/home_repository_impl.g.dart
DA:22,1
DA:23,1
DA:33,1
DA:34,1
DA:36,1
DA:39,1
DA:41,1
DA:43,1
DA:47,0
DA:48,0
DA:50,0
DA:55,1
LF:12
LH:9
end_of_record
SF:lib/features/home/data/repositories/home_repository_impl.dart
DA:16,1
DA:20,1
DA:25,2
DA:28,0
DA:31,0
DA:33,1
DA:34,0
DA:36,3
DA:42,0
DA:45,0
DA:46,0
DA:47,0
DA:49,0
DA:55,1
DA:58,2
DA:59,0
DA:62,0
DA:64,1
DA:65,0
DA:67,3
DA:73,0
DA:76,0
DA:77,0
DA:80,0
DA:82,0
DA:83,0
DA:85,0
DA:91,1
DA:93,1
DA:94,1
LF:30
LH:12
end_of_record
SF:lib/features/home/domain/usecases/filter_pokemons_by_types_usecase.dart
DA:13,0
DA:19,0
DA:21,0
DA:23,0
DA:24,0
DA:26,0
DA:27,0
DA:28,0
DA:29,0
DA:30,0
DA:37,0
DA:42,0
DA:44,0
DA:45,0
LF:14
LH:0
end_of_record
SF:lib/features/home/domain/usecases/filter_pokemons_by_types_usecase.g.dart
DA:23,1
DA:24,1
DA:34,0
DA:35,0
DA:37,0
DA:41,0
DA:43,0
DA:45,0
DA:49,0
DA:50,0
DA:52,0
DA:57,0
LF:12
LH:2
end_of_record
SF:lib/features/home/domain/usecases/get_all_pokemon_usecase.dart
DA:12,1
DA:17,1
DA:18,2
DA:23,1
DA:25,1
DA:26,1
LF:6
LH:6
end_of_record
SF:lib/features/home/domain/usecases/get_all_pokemon_usecase.g.dart
DA:27,1
DA:28,1
DA:38,1
DA:39,1
DA:41,1
DA:45,1
DA:47,1
DA:49,1
DA:53,0
DA:54,0
DA:56,0
DA:61,1
LF:12
LH:9
end_of_record
SF:lib/features/home/domain/usecases/get_all_types_usecase.dart
DA:11,1
DA:13,1
DA:14,2
DA:18,1
DA:20,1
DA:21,1
LF:6
LH:6
end_of_record
SF:lib/features/home/domain/usecases/get_all_types_usecase.g.dart
DA:23,1
DA:24,1
DA:34,1
DA:35,1
DA:37,1
DA:41,1
DA:43,1
DA:45,1
DA:49,0
DA:50,0
DA:52,0
DA:57,1
LF:12
LH:9
end_of_record
SF:lib/features/home/domain/usecases/get_pokemon_detail_usecase.g.dart
DA:27,1
DA:28,1
DA:38,0
DA:39,0
DA:41,0
DA:45,0
DA:47,0
DA:49,0
DA:53,0
DA:54,0
DA:56,0
DA:61,0
LF:12
LH:2
end_of_record
SF:lib/features/home/domain/usecases/get_pokemon_detail_usecase.dart
DA:12,0
DA:16,0
DA:17,0
DA:22,0
DA:24,0
DA:25,0
LF:6
LH:0
end_of_record
SF:lib/features/home/presentation/notifiers/filter_types_notifier.g.dart
DA:17,1
DA:18,1
DA:28,1
DA:29,1
DA:31,1
DA:33,1
DA:36,1
DA:41,1
DA:44,1
DA:46,1
DA:48,1
DA:55,1
LF:12
LH:12
end_of_record
SF:lib/features/home/presentation/notifiers/filter_types_notifier.dart
DA:11,1
DA:13,2
DA:14,1
DA:15,0
DA:21,0
DA:22,0
DA:23,0
DA:24,0
DA:28,0
DA:29,0
DA:30,0
DA:32,0
DA:36,0
DA:37,0
DA:38,0
DA:39,0
DA:40,0
DA:43,0
DA:47,0
DA:48,0
DA:51,0
DA:52,0
DA:55,0
DA:56,0
LF:24
LH:3
end_of_record
SF:lib/features/home/presentation/notifiers/home_notifier.dart
DA:11,1
DA:12,2
DA:13,1
DA:14,0
DA:15,0
DA:18,1
DA:22,1
DA:23,1
DA:24,2
DA:26,1
DA:27,0
DA:29,2
DA:33,0
DA:34,0
DA:35,0
DA:37,0
DA:38,0
DA:39,0
DA:40,0
DA:41,0
DA:47,0
DA:52,1
DA:54,2
DA:55,1
DA:60,2
DA:61,1
LF:26
LH:14
end_of_record
SF:lib/features/home/presentation/notifiers/poke_details_notifier.g.dart
DA:17,0
DA:20,0
DA:28,0
DA:29,0
DA:31,0
DA:33,0
DA:35,0
DA:38,0
DA:40,0
DA:42,0
DA:44,0
DA:47,0
DA:49,0
DA:53,0
DA:65,1
DA:66,1
DA:74,0
DA:75,0
DA:77,0
DA:84,0
DA:87,0
DA:90,0
DA:92,0
DA:95,0
DA:105,0
LF:25
LH:2
end_of_record
SF:lib/features/home/presentation/notifiers/poke_details_notifier.dart
DA:11,0
DA:13,0
DA:14,0
LF:3
LH:0
end_of_record
SF:lib/features/home/presentation/screens/poke_home_screen.dart
DA:13,1
DA:15,1
DA:16,1
DA:23,1
DA:24,3
DA:25,3
DA:26,1
DA:28,2
DA:31,1
DA:35,1
DA:37,3
DA:38,2
DA:39,3
DA:40,1
DA:41,2
DA:42,1
DA:44,1
DA:47,1
DA:48,1
DA:49,3
DA:51,1
DA:52,0
DA:53,0
DA:56,0
DA:57,0
DA:59,0
DA:60,0
DA:61,0
DA:65,1
DA:66,2
DA:67,1
DA:69,1
DA:72,1
DA:73,0
DA:74,0
DA:82,1
DA:83,0
DA:84,0
DA:85,0
DA:86,0
DA:87,0
LF:41
LH:27
end_of_record
SF:lib/features/home/presentation/widgets/poke_home_app_bar_widget.dart
DA:14,1
DA:16,1
DA:18,1
DA:19,3
DA:20,2
DA:24,1
DA:25,1
DA:26,1
DA:27,1
DA:31,1
DA:32,0
DA:33,1
DA:35,1
DA:42,1
DA:43,3
DA:44,1
DA:46,1
DA:47,1
DA:48,3
DA:50,1
DA:51,1
DA:52,3
DA:54,1
DA:55,3
DA:57,1
DA:58,3
DA:60,1
DA:61,2
DA:64,1
DA:65,1
DA:66,3
DA:67,1
DA:68,1
DA:69,1
DA:70,4
DA:71,4
DA:73,1
DA:76,1
DA:77,2
DA:78,1
DA:79,1
DA:80,3
DA:82,1
DA:83,3
DA:87,0
DA:88,0
DA:92,0
DA:93,0
DA:94,0
DA:99,0
DA:105,0
DA:109,1
LF:52
LH:44
end_of_record
SF:lib/features/home/presentation/widgets/poke_card_image_widget.dart
DA:10,0
DA:12,0
DA:14,0
DA:17,0
DA:18,0
DA:19,0
DA:21,0
DA:23,0
DA:24,0
DA:28,0
DA:30,0
DA:33,0
DA:34,0
DA:38,0
DA:41,0
LF:15
LH:0
end_of_record
SF:lib/shared/utils/poke_type_theme.dart
DA:27,0
DA:28,0
DA:29,0
DA:30,0
DA:31,0
DA:32,0
DA:33,0
DA:34,0
DA:35,0
DA:36,0
DA:37,0
DA:38,0
DA:39,0
DA:40,0
DA:41,0
DA:42,0
DA:43,0
DA:44,0
DA:45,0
DA:49,0
DA:50,0
DA:51,0
DA:52,0
DA:53,0
DA:54,0
DA:55,0
DA:56,0
DA:57,0
DA:58,0
DA:59,0
DA:60,0
DA:61,0
DA:62,0
DA:63,0
DA:64,0
DA:65,0
DA:66,0
DA:67,0
DA:71,0
DA:72,0
DA:73,0
DA:74,0
DA:75,0
DA:76,0
DA:77,0
DA:78,0
DA:79,0
DA:80,0
DA:81,0
DA:82,0
DA:83,0
DA:84,0
DA:85,0
DA:86,0
DA:87,0
DA:88,0
DA:89,0
DA:92,0
DA:93,0
DA:95,0
DA:96,0
DA:98,0
DA:99,0
LF:63
LH:0
end_of_record
SF:lib/features/home/presentation/widgets/poke_favorite_button_widget.dart
DA:9,0
DA:11,0
DA:13,0
DA:18,0
DA:20,0
DA:21,0
DA:22,0
DA:23,0
DA:25,0
DA:28,0
DA:29,0
DA:30,0
DA:33,0
DA:34,0
DA:35,0
DA:37,0
DA:38,0
DA:39,0
DA:43,0
DA:44,0
DA:45,0
DA:49,0
DA:53,0
DA:54,0
LF:24
LH:0
end_of_record
SF:lib/features/home/presentation/widgets/poke_card_info_widget.dart
DA:11,0
DA:13,0
DA:15,0
DA:18,0
DA:19,0
DA:20,0
DA:21,0
DA:23,0
DA:25,0
DA:28,0
DA:29,0
DA:30,0
LF:12
LH:0
end_of_record
SF:lib/features/home/presentation/widgets/poke_type_chip_widget.dart
DA:10,0
DA:12,0
DA:14,0
DA:15,0
DA:16,0
DA:17,0
DA:19,0
DA:20,0
DA:25,0
DA:26,0
DA:28,0
DA:29,0
DA:30,0
DA:33,0
DA:34,0
DA:35,0
LF:16
LH:0
end_of_record
SF:lib/features/home/presentation/widgets/poke_have_filters_widget.dart
DA:10,0
DA:12,0
DA:14,0
DA:15,0
DA:16,0
DA:17,0
DA:18,0
DA:19,0
DA:21,0
DA:23,0
DA:24,0
DA:26,0
DA:27,0
DA:28,0
DA:29,0
DA:33,0
DA:34,0
DA:35,0
DA:38,0
DA:39,0
DA:40,0
DA:41,0
DA:42,0
DA:43,0
DA:45,0
DA:46,0
DA:47,0
DA:55,0
LF:28
LH:0
end_of_record
SF:lib/shared/widgets/poke_types_filter_widget.dart
DA:12,0
DA:14,0
DA:16,0
DA:22,0
DA:24,0
DA:25,0
DA:26,0
DA:29,0
DA:31,0
DA:32,0
DA:34,0
DA:38,0
DA:40,0
DA:42,0
DA:43,0
DA:44,0
DA:45,0
DA:46,0
DA:49,0
DA:50,0
DA:52,0
DA:53,0
DA:54,0
DA:55,0
DA:56,0
DA:57,0
DA:60,0
DA:65,0
DA:68,0
DA:69,0
DA:70,0
DA:71,0
DA:72,0
DA:73,0
DA:74,0
DA:75,0
DA:76,0
DA:81,0
DA:82,0
DA:83,0
DA:84,0
DA:87,0
DA:91,0
DA:93,0
DA:94,0
DA:95,0
DA:96,0
DA:97,0
DA:100,0
DA:101,0
DA:102,0
DA:103,0
DA:106,0
DA:107,0
LF:54
LH:0
end_of_record
SF:lib/features/profile/presentation/screens/poke_profile_screen.dart
DA:10,1
DA:12,0
DA:14,0
DA:15,0
DA:17,0
DA:18,0
DA:19,0
DA:20,0
DA:21,0
LF:9
LH:1
end_of_record
SF:lib/shared/widgets/poke_coming_soon_widget.dart
DA:10,0
DA:17,0
DA:19,0
DA:20,0
DA:22,0
DA:24,0
DA:25,0
DA:26,0
DA:27,0
DA:28,0
DA:30,0
DA:32,0
DA:33,0
DA:34,0
DA:36,0
LF:15
LH:0
end_of_record
SF:lib/features/regions/presentation/screens/poke_regions_screen.dart
DA:10,1
DA:12,0
DA:14,0
DA:15,0
DA:17,0
DA:18,0
DA:19,0
DA:20,0
DA:21,0
LF:9
LH:1
end_of_record
SF:lib/l10n/app_localizations_en.dart
DA:9,2
DA:11,1
DA:14,1
DA:17,1
DA:20,1
DA:23,0
DA:26,0
DA:30,0
DA:33,0
DA:37,1
DA:40,0
DA:43,0
DA:46,0
DA:49,0
DA:52,0
DA:54,0
DA:57,0
DA:60,0
DA:62,0
DA:65,0
LF:20
LH:6
end_of_record
SF:lib/l10n/app_localizations_es.dart
DA:9,0
DA:11,0
DA:14,0
DA:17,0
DA:20,0
DA:23,0
DA:26,0
DA:30,0
DA:33,0
DA:37,0
DA:40,0
DA:43,0
DA:46,0
DA:49,0
DA:52,0
DA:54,0
DA:57,0
DA:60,0
DA:62,0
DA:65,0
LF:20
LH:0
end_of_record
SF:lib/routes/transitions/poke_back_custom_transition_page.dart
DA:4,1
DA:8,1
DA:9,1
DA:11,1
DA:12,2
DA:14,1
DA:17,2
DA:19,1
LF:8
LH:8
end_of_record
SF:lib/shared/widgets/poke_bottom_navigation_bar_widget.dart
DA:9,1
DA:11,1
DA:13,1
DA:14,2
DA:15,2
DA:16,3
DA:17,3
DA:18,1
DA:19,3
DA:20,1
DA:21,3
DA:22,3
DA:23,3
DA:25,1
DA:29,3
DA:30,3
DA:31,1
DA:32,3
DA:34,1
DA:35,3
DA:37,3
DA:38,3
DA:41,1
DA:42,1
DA:43,2
DA:44,2
DA:46,1
DA:47,2
DA:48,2
DA:50,1
DA:51,2
DA:52,2
DA:54,1
DA:55,2
DA:56,2
DA:60,0
DA:62,0
DA:63,0
LF:38
LH:35
end_of_record
SF:lib/shared/extensions/svg_asset_extension.dart
DA:11,2
DA:12,1
DA:18,0
DA:19,0
DA:22,0
DA:23,0
LF:6
LH:2
end_of_record
SF:lib/shared/widgets/poke_filter_actions_widget.dart
DA:10,0
DA:18,0
DA:20,0
DA:21,0
DA:22,0
DA:25,0
DA:26,0
DA:27,0
DA:29,0
DA:30,0
DA:34,0
DA:35,0
DA:36,0
DA:37,0
DA:38,0
DA:44,0
DA:47,0
DA:48,0
DA:49,0
DA:51,0
DA:52,0
DA:56,0
DA:57,0
LF:23
LH:0
end_of_record
SF:lib/shared/widgets/poke_filter_header_widget.dart
DA:9,0
DA:16,0
DA:18,0
DA:19,0
DA:20,0
DA:22,0
DA:24,0
DA:25,0
DA:26,0
LF:9
LH:0
end_of_record
SF:lib/shared/widgets/poke_types_list_widget.dart
DA:11,0
DA:18,0
DA:20,0
DA:21,0
DA:22,0
DA:23,0
DA:24,0
DA:25,0
DA:26,0
DA:27,0
DA:28,0
DA:29,0
DA:32,0
DA:33,0
DA:34,0
DA:35,0
DA:38,0
DA:39,0
DA:42,0
LF:19
LH:0
end_of_record
